#
# There is insufficient memory for the Java Runtime Environment to continue.
# Native memory allocation (malloc) failed to allocate 175136 bytes for Chunk::new
# Possible reasons:
#   The system is out of physical RAM or swap space
#   In 32 bit mode, the process size limit was hit
# Possible solutions:
#   Reduce memory load on the system
#   Increase physical memory or swap space
#   Check if swap backing store is full
#   Use 64 bit Java on a 64 bit OS
#   Decrease Java heap size (-Xmx/-Xms)
#   Decrease number of Java threads
#   Decrease Java thread stack sizes (-Xss)
#   Set larger code cache with -XX:ReservedCodeCacheSize=
# This output file may be truncated or incomplete.
#
#  Out of Memory Error (allocation.cpp:390), pid=5632, tid=0x00000000000028ac
#
# JRE version: Java(TM) SE Runtime Environment (8.0_171-b11) (build 1.8.0_171-b11)
# Java VM: Java HotSpot(TM) 64-Bit Server VM (25.171-b11 mixed mode windows-amd64 compressed oops)
# Failed to write core dump. Minidumps are not enabled by default on client versions of Windows
#

---------------  T H R E A D  ---------------

Current thread (0x0000000015598800):  JavaThread "C2 CompilerThread0" daemon [_thread_in_native, id=10412, stack(0x00000000166a0000,0x00000000167a0000)]

Stack: [0x00000000166a0000,0x00000000167a0000]
[error occurred during error reporting (printing stack bounds), id 0xc0000005]

Native frames: (J=compiled Java code, j=interpreted, Vv=VM code, C=native code)


Current CompileTask:
C2:    890  458       4       jdk.internal.org.objectweb.asm.Item::set (143 bytes)


---------------  P R O C E S S  ---------------

Java Threads: ( => current thread )
  0x00000000177db800 JavaThread "Thread-2" daemon [_thread_in_native, id=10404, stack(0x000000001a320000,0x000000001a420000)]
  0x0000000017773000 JavaThread "JavaFX Application Thread" [_thread_in_vm, id=7044, stack(0x0000000018120000,0x0000000018220000)]
  0x0000000017772800 JavaThread "Thread-1" daemon [_thread_blocked, id=1260, stack(0x0000000018020000,0x0000000018120000)]
  0x0000000016c6f000 JavaThread "QuantumRenderer-0" daemon [_thread_blocked, id=6812, stack(0x00000000170e0000,0x00000000171e0000)]
  0x000000001691f000 JavaThread "Service Thread" daemon [_thread_blocked, id=8356, stack(0x0000000016ca0000,0x0000000016da0000)]
  0x0000000015599800 JavaThread "C1 CompilerThread1" daemon [_thread_in_native, id=1572, stack(0x00000000167a0000,0x00000000168a0000)]
=>0x0000000015598800 JavaThread "C2 CompilerThread0" daemon [_thread_in_native, id=10412, stack(0x00000000166a0000,0x00000000167a0000)]
  0x00000000155e0000 JavaThread "Monitor Ctrl-Break" daemon [_thread_in_native, id=10764, stack(0x00000000165a0000,0x00000000166a0000)]
  0x0000000015549000 JavaThread "Attach Listener" daemon [_thread_blocked, id=4680, stack(0x00000000164a0000,0x00000000165a0000)]
  0x0000000015545800 JavaThread "Signal Dispatcher" daemon [_thread_blocked, id=460, stack(0x00000000163a0000,0x00000000164a0000)]
  0x0000000015538800 JavaThread "Finalizer" daemon [_thread_blocked, id=8484, stack(0x0000000016180000,0x0000000016280000)]
  0x00000000031ae800 JavaThread "Reference Handler" daemon [_thread_blocked, id=6400, stack(0x0000000016080000,0x0000000016180000)]
  0x00000000016de800 JavaThread "main" [_thread_blocked, id=5748, stack(0x0000000002ec0000,0x0000000002fc0000)]

Other Threads:
  0x0000000015517000 VMThread [stack: 0x0000000015f80000,0x0000000016080000] [id=6324]
  0x0000000016986000 WatcherThread [stack: 0x0000000016da0000,0x0000000016ea0000] [id=11240]

VM state:not at safepoint (normal execution)

VM Mutex/Monitor currently owned by a thread: None

Heap:
 PSYoungGen      total 18944K, used 5568K [0x00000000eb400000, 0x00000000ec900000, 0x0000000100000000)
  eden space 16384K, 33% used [0x00000000eb400000,0x00000000eb970390,0x00000000ec400000)
  from space 2560K, 0% used [0x00000000ec400000,0x00000000ec400000,0x00000000ec680000)
  to   space 2560K, 0% used [0x00000000ec680000,0x00000000ec680000,0x00000000ec900000)
 ParOldGen       total 30720K, used 813K [0x00000000c1c00000, 0x00000000c3a00000, 0x00000000eb400000)
  object space 30720K, 2% used [0x00000000c1c00000,0x00000000c1ccb758,0x00000000c3a00000)
 Metaspace       used 6954K, capacity 7286K, committed 7424K, reserved 1056768K
  class space    used 802K, capacity 897K, committed 1024K, reserved 1048576K

Card table byte_map: [0x0000000012580000,0x0000000012780000] byte_map_base: 0x0000000011f72000

Marking Bits: (ParMarkBitMap*) 0x000000006c5f08c0
 Begin Bits: [0x0000000012ad0000, 0x0000000013a60000)
 End Bits:   [0x0000000013a60000, 0x00000000149f0000)

Polling page: 0x0000000001620000

CodeCache: size=245760Kb used=2119Kb max_used=2119Kb free=243641Kb
 bounds [0x00000000031c0000, 0x0000000003430000, 0x00000000121c0000]
 total_blobs=809 nmethods=475 adapters=248
 compilation: enabled

Compilation events (10 events):
Event: 0.866 Thread 0x0000000015599800 nmethod 460 0x00000000033c3c50 code [0x00000000033c3da0, 0x00000000033c3f30]
Event: 0.866 Thread 0x0000000015599800  461       3       java.lang.invoke.MethodType::<init> (40 bytes)
Event: 0.867 Thread 0x0000000015599800 nmethod 461 0x00000000033c3190 code [0x00000000033c3340, 0x00000000033c39a8]
Event: 0.868 Thread 0x0000000015599800  463       3       sun.misc.URLClassPath::getResource (83 bytes)
Event: 0.869 Thread 0x0000000015599800 nmethod 463 0x00000000033c2a90 code [0x00000000033c2c20, 0x00000000033c2fe8]
Event: 0.869 Thread 0x0000000015599800  464       3       java.lang.invoke.MethodTypeForm::canonicalizeAll (66 bytes)
Event: 0.870 Thread 0x0000000015599800 nmethod 464 0x00000000033c2050 code [0x00000000033c2200, 0x00000000033c2838]
Event: 0.870 Thread 0x0000000015599800  465       3       java.lang.invoke.MethodType$ConcurrentWeakInternSet$WeakEntry::<init> (15 bytes)
Event: 0.870 Thread 0x0000000015599800 nmethod 465 0x00000000033c1950 code [0x00000000033c1ae0, 0x00000000033c1ec8]
Event: 0.872 Thread 0x0000000015599800  466       3       java.io.InputStream::<init> (5 bytes)

GC Heap History (4 events):
Event: 0.512 GC heap before
{Heap before GC invocations=1 (full 0):
 PSYoungGen      total 18944K, used 6365K [0x00000000eb400000, 0x00000000ec900000, 0x0000000100000000)
  eden space 16384K, 38% used [0x00000000eb400000,0x00000000eba377a8,0x00000000ec400000)
  from space 2560K, 0% used [0x00000000ec680000,0x00000000ec680000,0x00000000ec900000)
  to   space 2560K, 0% used [0x00000000ec400000,0x00000000ec400000,0x00000000ec680000)
 ParOldGen       total 44032K, used 0K [0x00000000c1c00000, 0x00000000c4700000, 0x00000000eb400000)
  object space 44032K, 0% used [0x00000000c1c00000,0x00000000c1c00000,0x00000000c4700000)
 Metaspace       used 4995K, capacity 5352K, committed 5504K, reserved 1056768K
  class space    used 565K, capacity 624K, committed 640K, reserved 1048576K
Event: 0.515 GC heap after
Heap after GC invocations=1 (full 0):
 PSYoungGen      total 18944K, used 864K [0x00000000eb400000, 0x00000000ec900000, 0x0000000100000000)
  eden space 16384K, 0% used [0x00000000eb400000,0x00000000eb400000,0x00000000ec400000)
  from space 2560K, 33% used [0x00000000ec400000,0x00000000ec4d8020,0x00000000ec680000)
  to   space 2560K, 0% used [0x00000000ec680000,0x00000000ec680000,0x00000000ec900000)
 ParOldGen       total 44032K, used 8K [0x00000000c1c00000, 0x00000000c4700000, 0x00000000eb400000)
  object space 44032K, 0% used [0x00000000c1c00000,0x00000000c1c02000,0x00000000c4700000)
 Metaspace       used 4995K, capacity 5352K, committed 5504K, reserved 1056768K
  class space    used 565K, capacity 624K, committed 640K, reserved 1048576K
}
Event: 0.515 GC heap before
{Heap before GC invocations=2 (full 1):
 PSYoungGen      total 18944K, used 864K [0x00000000eb400000, 0x00000000ec900000, 0x0000000100000000)
  eden space 16384K, 0% used [0x00000000eb400000,0x00000000eb400000,0x00000000ec400000)
  from space 2560K, 33% used [0x00000000ec400000,0x00000000ec4d8020,0x00000000ec680000)
  to   space 2560K, 0% used [0x00000000ec680000,0x00000000ec680000,0x00000000ec900000)
 ParOldGen       total 44032K, used 8K [0x00000000c1c00000, 0x00000000c4700000, 0x00000000eb400000)
  object space 44032K, 0% used [0x00000000c1c00000,0x00000000c1c02000,0x00000000c4700000)
 Metaspace       used 4995K, capacity 5352K, committed 5504K, reserved 1056768K
  class space    used 565K, capacity 624K, committed 640K, reserved 1048576K
Event: 0.530 GC heap after
Heap after GC invocations=2 (full 1):
 PSYoungGen      total 18944K, used 0K [0x00000000eb400000, 0x00000000ec900000, 0x0000000100000000)
  eden space 16384K, 0% used [0x00000000eb400000,0x00000000eb400000,0x00000000ec400000)
  from space 2560K, 0% used [0x00000000ec400000,0x00000000ec400000,0x00000000ec680000)
  to   space 2560K, 0% used [0x00000000ec680000,0x00000000ec680000,0x00000000ec900000)
 ParOldGen       total 30720K, used 813K [0x00000000c1c00000, 0x00000000c3a00000, 0x00000000eb400000)
  object space 30720K, 2% used [0x00000000c1c00000,0x00000000c1ccb758,0x00000000c3a00000)
 Metaspace       used 4995K, capacity 5352K, committed 5504K, reserved 1056768K
  class space    used 565K, capacity 624K, committed 640K, reserved 1048576K
}

Deoptimization events (1 events):
Event: 0.402 Thread 0x00000000016de800 Uncommon trap: reason=null_check action=make_not_entrant pc=0x00000000032e1f68 method=java.lang.String.equals(Ljava/lang/Object;)Z @ 8

Classes redefined (0 events):
No events

Internal exceptions (10 events):
Event: 0.049 Thread 0x00000000016de800 Exception <a 'java/lang/NoSuchMethodError': Method sun.misc.Unsafe.defineClass(Ljava/lang/String;[BII)Ljava/lang/Class; name or signature does not match> (0x00000000eb407cb0) thrown at [C:\re\workspace\8-2-build-windows-amd64-cygwin\jdk8u171\10807\hotspot
Event: 0.050 Thread 0x00000000016de800 Exception <a 'java/lang/NoSuchMethodError': Method sun.misc.Unsafe.prefetchRead(Ljava/lang/Object;J)V name or signature does not match> (0x00000000eb407f98) thrown at [C:\re\workspace\8-2-build-windows-amd64-cygwin\jdk8u171\10807\hotspot\src\share\vm\prim
Event: 0.317 Thread 0x00000000016de800 Exception <a 'java/lang/NoSuchFieldError': method resolution failed> (0x00000000eb76c990) thrown at [C:\re\workspace\8-2-build-windows-amd64-cygwin\jdk8u171\10807\hotspot\src\share\vm\prims\methodHandles.cpp, line 1167]
Event: 0.331 Thread 0x00000000016de800 Exception <a 'java/lang/NoSuchFieldError': method resolution failed> (0x00000000eb77a5b0) thrown at [C:\re\workspace\8-2-build-windows-amd64-cygwin\jdk8u171\10807\hotspot\src\share\vm\prims\methodHandles.cpp, line 1167]
Event: 0.367 Thread 0x00000000016de800 Exception <a 'java/security/PrivilegedActionException'> (0x00000000eb827758) thrown at [C:\re\workspace\8-2-build-windows-amd64-cygwin\jdk8u171\10807\hotspot\src\share\vm\prims\jvm.cpp, line 1435]
Event: 0.367 Thread 0x00000000016de800 Exception <a 'java/security/PrivilegedActionException'> (0x00000000eb827968) thrown at [C:\re\workspace\8-2-build-windows-amd64-cygwin\jdk8u171\10807\hotspot\src\share\vm\prims\jvm.cpp, line 1435]
Event: 0.368 Thread 0x00000000016de800 Exception <a 'java/security/PrivilegedActionException'> (0x00000000eb82b878) thrown at [C:\re\workspace\8-2-build-windows-amd64-cygwin\jdk8u171\10807\hotspot\src\share\vm\prims\jvm.cpp, line 1435]
Event: 0.368 Thread 0x00000000016de800 Exception <a 'java/security/PrivilegedActionException'> (0x00000000eb82ba88) thrown at [C:\re\workspace\8-2-build-windows-amd64-cygwin\jdk8u171\10807\hotspot\src\share\vm\prims\jvm.cpp, line 1435]
Event: 0.369 Thread 0x00000000016de800 Exception <a 'java/lang/NullPointerException'> (0x00000000eb82c490) thrown at [C:\re\workspace\8-2-build-windows-amd64-cygwin\jdk8u171\10807\hotspot\src\share\vm\interpreter\linkResolver.cpp, line 1185]
Event: 0.402 Thread 0x00000000016de800 Implicit null exception at 0x00000000032e1d95 to 0x00000000032e1f59

Events (10 events):
Event: 0.868 loading class com/sun/glass/ui/InvokeLaterDispatcher$Future
Event: 0.868 loading class com/sun/glass/ui/InvokeLaterDispatcher$Future done
Event: 0.870 loading class javafx/event/EventHandler
Event: 0.870 loading class javafx/event/EventHandler done
Event: 0.870 loading class java/util/EventListener
Event: 0.870 loading class java/util/EventListener done
Event: 0.871 loading class javafx/scene/Node
Event: 0.871 loading class javafx/scene/Node done
Event: 0.872 loading class javafx/event/EventTarget
Event: 0.872 loading class javafx/event/EventTarget done


Dynamic libraries:
0x00007ff6034d0000 - 0x00007ff603507000 	C:\Program Files\Java\jdk1.8.0_171\bin\java.exe
0x00007ff9d3940000 - 0x00007ff9d3b30000 	C:\WINDOWS\SYSTEM32\ntdll.dll
0x00007ff9d2fe0000 - 0x00007ff9d3092000 	C:\WINDOWS\System32\KERNEL32.DLL
0x00007ff9d0960000 - 0x00007ff9d0c03000 	C:\WINDOWS\System32\KERNELBASE.dll
0x00007ff9d29f0000 - 0x00007ff9d2a93000 	C:\WINDOWS\System32\ADVAPI32.dll
0x00007ff9d1ff0000 - 0x00007ff9d208e000 	C:\WINDOWS\System32\msvcrt.dll
0x00007ff9d2c50000 - 0x00007ff9d2ce7000 	C:\WINDOWS\System32\sechost.dll
0x00007ff9d33e0000 - 0x00007ff9d3500000 	C:\WINDOWS\System32\RPCRT4.dll
0x00007ff9d2090000 - 0x00007ff9d2223000 	C:\WINDOWS\System32\USER32.dll
0x00007ff9d1630000 - 0x00007ff9d1651000 	C:\WINDOWS\System32\win32u.dll
0x00007ff9d19f0000 - 0x00007ff9d1a16000 	C:\WINDOWS\System32\GDI32.dll
0x00007ff9d16e0000 - 0x00007ff9d1874000 	C:\WINDOWS\System32\gdi32full.dll
0x00007ff9d1590000 - 0x00007ff9d162e000 	C:\WINDOWS\System32\msvcp_win.dll
0x00007ff9d18d0000 - 0x00007ff9d19ca000 	C:\WINDOWS\System32\ucrtbase.dll
0x00007ff9c11b0000 - 0x00007ff9c1435000 	C:\WINDOWS\WinSxS\amd64_microsoft.windows.common-controls_6595b64144ccf1df_6.0.18362.356_none_e6c4af7d130f27cc\COMCTL32.dll
0x00007ff9d30a0000 - 0x00007ff9d33d6000 	C:\WINDOWS\System32\combase.dll
0x00007ff9d1660000 - 0x00007ff9d16e0000 	C:\WINDOWS\System32\bcryptPrimitives.dll
0x00007ff9d2c00000 - 0x00007ff9d2c2e000 	C:\WINDOWS\System32\IMM32.DLL
0x000000006c670000 - 0x000000006c742000 	C:\Program Files\Java\jdk1.8.0_171\jre\bin\msvcr100.dll
0x000000006bdd0000 - 0x000000006c670000 	C:\Program Files\Java\jdk1.8.0_171\jre\bin\server\jvm.dll
0x00007ff9d2d50000 - 0x00007ff9d2d58000 	C:\WINDOWS\System32\PSAPI.DLL
0x00007ff9ce780000 - 0x00007ff9ce7a4000 	C:\WINDOWS\SYSTEM32\WINMM.dll
0x00007ff9bdef0000 - 0x00007ff9bdef9000 	C:\WINDOWS\SYSTEM32\WSOCK32.dll
0x00007ff9c9b20000 - 0x00007ff9c9b2a000 	C:\WINDOWS\SYSTEM32\VERSION.dll
0x00007ff9d2290000 - 0x00007ff9d22ff000 	C:\WINDOWS\System32\WS2_32.dll
0x00007ff9ce750000 - 0x00007ff9ce77d000 	C:\WINDOWS\SYSTEM32\winmmbase.dll
0x00007ff9d1880000 - 0x00007ff9d18ca000 	C:\WINDOWS\System32\cfgmgr32.dll
0x000000006bdc0000 - 0x000000006bdcf000 	C:\Program Files\Java\jdk1.8.0_171\jre\bin\verify.dll
0x000000006bd90000 - 0x000000006bdb9000 	C:\Program Files\Java\jdk1.8.0_171\jre\bin\java.dll
0x000000006bd60000 - 0x000000006bd83000 	C:\Program Files\Java\jdk1.8.0_171\jre\bin\instrument.dll
0x000000006bd40000 - 0x000000006bd56000 	C:\Program Files\Java\jdk1.8.0_171\jre\bin\zip.dll
0x00007ff9d2300000 - 0x00007ff9d29e5000 	C:\WINDOWS\System32\SHELL32.dll
0x00007ff9d1a20000 - 0x00007ff9d1ac9000 	C:\WINDOWS\System32\shcore.dll
0x00007ff9d0c10000 - 0x00007ff9d138e000 	C:\WINDOWS\System32\windows.storage.dll
0x00007ff9d0890000 - 0x00007ff9d08af000 	C:\WINDOWS\System32\profapi.dll
0x00007ff9d0840000 - 0x00007ff9d088a000 	C:\WINDOWS\System32\powrprof.dll
0x00007ff9d0810000 - 0x00007ff9d0820000 	C:\WINDOWS\System32\UMPDC.dll
0x00007ff9d2230000 - 0x00007ff9d2282000 	C:\WINDOWS\System32\shlwapi.dll
0x00007ff9d0820000 - 0x00007ff9d0831000 	C:\WINDOWS\System32\kernel.appcore.dll
0x00007ff9d19d0000 - 0x00007ff9d19e7000 	C:\WINDOWS\System32\cryptsp.dll
0x00007ff9cd0d0000 - 0x00007ff9cd0ea000 	C:\Program Files\JetBrains\IntelliJ IDEA Community Edition 2019.1.3\bin\breakgen64.dll
0x000000006bd20000 - 0x000000006bd3a000 	C:\Program Files\Java\jdk1.8.0_171\jre\bin\net.dll
0x00007ff9d0020000 - 0x00007ff9d0087000 	C:\WINDOWS\system32\mswsock.dll
0x00000000016c0000 - 0x00000000016c3000 	C:\Program Files\Java\jdk1.8.0_171\jre\bin\api-ms-win-core-console-l1-1-0.dll
0x00000000016e0000 - 0x00000000016e3000 	C:\Program Files\Java\jdk1.8.0_171\jre\bin\api-ms-win-core-datetime-l1-1-0.dll
0x00000000016f0000 - 0x00000000016f3000 	C:\Program Files\Java\jdk1.8.0_171\jre\bin\api-ms-win-core-debug-l1-1-0.dll
0x0000000001700000 - 0x0000000001703000 	C:\Program Files\Java\jdk1.8.0_171\jre\bin\api-ms-win-core-errorhandling-l1-1-0.dll
0x0000000016ea0000 - 0x0000000016ea4000 	C:\Program Files\Java\jdk1.8.0_171\jre\bin\api-ms-win-core-file-l1-1-0.dll
0x0000000016eb0000 - 0x0000000016eb3000 	C:\Program Files\Java\jdk1.8.0_171\jre\bin\api-ms-win-core-file-l1-2-0.dll
0x0000000016ec0000 - 0x0000000016ec3000 	C:\Program Files\Java\jdk1.8.0_171\jre\bin\api-ms-win-core-file-l2-1-0.dll
0x0000000016ed0000 - 0x0000000016ed3000 	C:\Program Files\Java\jdk1.8.0_171\jre\bin\api-ms-win-core-handle-l1-1-0.dll
0x0000000016ee0000 - 0x0000000016ee3000 	C:\Program Files\Java\jdk1.8.0_171\jre\bin\api-ms-win-core-heap-l1-1-0.dll
0x0000000016ef0000 - 0x0000000016ef3000 	C:\Program Files\Java\jdk1.8.0_171\jre\bin\api-ms-win-core-interlocked-l1-1-0.dll
0x0000000016f00000 - 0x0000000016f03000 	C:\Program Files\Java\jdk1.8.0_171\jre\bin\api-ms-win-core-libraryloader-l1-1-0.dll
0x0000000016f10000 - 0x0000000016f13000 	C:\Program Files\Java\jdk1.8.0_171\jre\bin\api-ms-win-core-localization-l1-2-0.dll
0x0000000016f20000 - 0x0000000016f23000 	C:\Program Files\Java\jdk1.8.0_171\jre\bin\api-ms-win-core-memory-l1-1-0.dll
0x0000000016f30000 - 0x0000000016f33000 	C:\Program Files\Java\jdk1.8.0_171\jre\bin\api-ms-win-core-namedpipe-l1-1-0.dll
0x0000000016f40000 - 0x0000000016f43000 	C:\Program Files\Java\jdk1.8.0_171\jre\bin\api-ms-win-core-processenvironment-l1-1-0.dll
0x0000000016f50000 - 0x0000000016f53000 	C:\Program Files\Java\jdk1.8.0_171\jre\bin\api-ms-win-core-processthreads-l1-1-0.dll
0x0000000016f60000 - 0x0000000016f63000 	C:\Program Files\Java\jdk1.8.0_171\jre\bin\api-ms-win-core-processthreads-l1-1-1.dll
0x0000000016f70000 - 0x0000000016f73000 	C:\Program Files\Java\jdk1.8.0_171\jre\bin\api-ms-win-core-profile-l1-1-0.dll
0x0000000016f80000 - 0x0000000016f83000 	C:\Program Files\Java\jdk1.8.0_171\jre\bin\api-ms-win-core-rtlsupport-l1-1-0.dll
0x0000000016f90000 - 0x0000000016f93000 	C:\Program Files\Java\jdk1.8.0_171\jre\bin\api-ms-win-core-string-l1-1-0.dll
0x0000000016fa0000 - 0x0000000016fa3000 	C:\Program Files\Java\jdk1.8.0_171\jre\bin\api-ms-win-core-synch-l1-1-0.dll
0x0000000016fb0000 - 0x0000000016fb3000 	C:\Program Files\Java\jdk1.8.0_171\jre\bin\api-ms-win-core-synch-l1-2-0.dll
0x0000000016fc0000 - 0x0000000016fc3000 	C:\Program Files\Java\jdk1.8.0_171\jre\bin\api-ms-win-core-sysinfo-l1-1-0.dll
0x0000000016fd0000 - 0x0000000016fd3000 	C:\Program Files\Java\jdk1.8.0_171\jre\bin\api-ms-win-core-timezone-l1-1-0.dll
0x0000000016fe0000 - 0x0000000016fe3000 	C:\Program Files\Java\jdk1.8.0_171\jre\bin\api-ms-win-core-util-l1-1-0.dll
0x0000000016ff0000 - 0x0000000016ff3000 	C:\Program Files\Java\jdk1.8.0_171\jre\bin\api-ms-win-crt-conio-l1-1-0.dll
0x0000000017000000 - 0x0000000017004000 	C:\Program Files\Java\jdk1.8.0_171\jre\bin\api-ms-win-crt-convert-l1-1-0.dll
0x0000000017010000 - 0x0000000017013000 	C:\Program Files\Java\jdk1.8.0_171\jre\bin\api-ms-win-crt-environment-l1-1-0.dll
0x0000000017020000 - 0x0000000017023000 	C:\Program Files\Java\jdk1.8.0_171\jre\bin\api-ms-win-crt-filesystem-l1-1-0.dll
0x0000000017030000 - 0x0000000017033000 	C:\Program Files\Java\jdk1.8.0_171\jre\bin\api-ms-win-crt-heap-l1-1-0.dll
0x0000000017040000 - 0x0000000017043000 	C:\Program Files\Java\jdk1.8.0_171\jre\bin\api-ms-win-crt-locale-l1-1-0.dll
0x0000000017050000 - 0x0000000017055000 	C:\Program Files\Java\jdk1.8.0_171\jre\bin\api-ms-win-crt-math-l1-1-0.dll
0x0000000017060000 - 0x0000000017065000 	C:\Program Files\Java\jdk1.8.0_171\jre\bin\api-ms-win-crt-multibyte-l1-1-0.dll
0x0000000017070000 - 0x0000000017080000 	C:\Program Files\Java\jdk1.8.0_171\jre\bin\api-ms-win-crt-private-l1-1-0.dll
0x0000000017080000 - 0x0000000017083000 	C:\Program Files\Java\jdk1.8.0_171\jre\bin\api-ms-win-crt-process-l1-1-0.dll
0x0000000017090000 - 0x0000000017094000 	C:\Program Files\Java\jdk1.8.0_171\jre\bin\api-ms-win-crt-runtime-l1-1-0.dll
0x00000000170a0000 - 0x00000000170a4000 	C:\Program Files\Java\jdk1.8.0_171\jre\bin\api-ms-win-crt-stdio-l1-1-0.dll
0x00000000170b0000 - 0x00000000170b4000 	C:\Program Files\Java\jdk1.8.0_171\jre\bin\api-ms-win-crt-string-l1-1-0.dll
0x00000000170c0000 - 0x00000000170c3000 	C:\Program Files\Java\jdk1.8.0_171\jre\bin\api-ms-win-crt-time-l1-1-0.dll
0x00000000170d0000 - 0x00000000170d3000 	C:\Program Files\Java\jdk1.8.0_171\jre\bin\api-ms-win-crt-utility-l1-1-0.dll
0x00007ff9baa50000 - 0x00007ff9bab46000 	C:\Program Files\Java\jdk1.8.0_171\jre\bin\ucrtbase.dll
0x00007ff9c3690000 - 0x00007ff9c36e1000 	C:\Program Files\Java\jdk1.8.0_171\jre\bin\concrt140.dll
0x00007ff9adeb0000 - 0x00007ff9adf56000 	C:\WINDOWS\SYSTEM32\MSVCP140.dll
0x00007ff9b6fc0000 - 0x00007ff9b6fd6000 	C:\WINDOWS\SYSTEM32\VCRUNTIME140.dll
0x00007ff9cd090000 - 0x00007ff9cd0a6000 	C:\Program Files\Java\jdk1.8.0_171\jre\bin\vcruntime140.dll
0x00007ff9ba7e0000 - 0x00007ff9ba87c000 	C:\Program Files\Java\jdk1.8.0_171\jre\bin\msvcp140.dll
0x000000006bb40000 - 0x000000006bb63000 	C:\Program Files\Java\jdk1.8.0_171\jre\bin\prism_d3d.dll
0x00007ff9ca6c0000 - 0x00007ff9ca887000 	C:\WINDOWS\system32\d3d9.dll
0x00007ff9cec80000 - 0x00007ff9cecad000 	C:\WINDOWS\SYSTEM32\dwmapi.dll
0x00007ff9cf480000 - 0x00007ff9cf4a0000 	C:\WINDOWS\SYSTEM32\dxcore.dll
0x00007ff9ceb70000 - 0x00007ff9cec09000 	C:\WINDOWS\system32\uxtheme.dll
0x00007ff9c9b30000 - 0x00007ff9c9cb1000 	C:\WINDOWS\System32\DriverStore\FileRepository\c0312565.inf_amd64_f9bb8894f8b4f7e9\aticfx64.dll
0x00007ff9bf0b0000 - 0x00007ff9bf0d9000 	C:\WINDOWS\System32\DriverStore\FileRepository\c0312565.inf_amd64_f9bb8894f8b4f7e9\atiu9p64.dll
0x00007ff9ac6d0000 - 0x00007ff9ad189000 	C:\WINDOWS\System32\DriverStore\FileRepository\c0312565.inf_amd64_f9bb8894f8b4f7e9\atiumd64.dll
0x000000006c7e0000 - 0x000000006d344000 	C:\WINDOWS\System32\DriverStore\FileRepository\c0312565.inf_amd64_f9bb8894f8b4f7e9\atiumd6a.dll
0x00007ff9c8dd0000 - 0x00007ff9c8df0000 	C:\WINDOWS\SYSTEM32\amdihk64.dll
0x0000000017210000 - 0x0000000017216000 	C:\WINDOWS\SYSTEM32\detoured.dll
0x000000006bad0000 - 0x000000006bb19000 	C:\Program Files\Java\jdk1.8.0_171\jre\bin\glass.dll
0x00007ff9d3660000 - 0x00007ff9d3730000 	C:\WINDOWS\System32\COMDLG32.dll
0x00007ff9d3500000 - 0x00007ff9d3656000 	C:\WINDOWS\System32\ole32.dll
0x00007ff9d2f10000 - 0x00007ff9d2fd4000 	C:\WINDOWS\System32\OLEAUT32.dll
0x00007ff9d2aa0000 - 0x00007ff9d2bd5000 	C:\WINDOWS\System32\MSCTF.dll

VM Arguments:
jvm_args: -javaagent:C:\Program Files\JetBrains\IntelliJ IDEA Community Edition 2019.1.3\lib\idea_rt.jar=51408:C:\Program Files\JetBrains\IntelliJ IDEA Community Edition 2019.1.3\bin -Dfile.encoding=UTF-8 
java_command: Aplicacion.AplicacionMain
java_class_path (initial): C:\Program Files\Java\jdk1.8.0_171\jre\lib\charsets.jar;C:\Program Files\Java\jdk1.8.0_171\jre\lib\deploy.jar;C:\Program Files\Java\jdk1.8.0_171\jre\lib\ext\access-bridge-64.jar;C:\Program Files\Java\jdk1.8.0_171\jre\lib\ext\cldrdata.jar;C:\Program Files\Java\jdk1.8.0_171\jre\lib\ext\dnsns.jar;C:\Program Files\Java\jdk1.8.0_171\jre\lib\ext\jaccess.jar;C:\Program Files\Java\jdk1.8.0_171\jre\lib\ext\jfxrt.jar;C:\Program Files\Java\jdk1.8.0_171\jre\lib\ext\localedata.jar;C:\Program Files\Java\jdk1.8.0_171\jre\lib\ext\nashorn.jar;C:\Program Files\Java\jdk1.8.0_171\jre\lib\ext\sunec.jar;C:\Program Files\Java\jdk1.8.0_171\jre\lib\ext\sunjce_provider.jar;C:\Program Files\Java\jdk1.8.0_171\jre\lib\ext\sunmscapi.jar;C:\Program Files\Java\jdk1.8.0_171\jre\lib\ext\sunpkcs11.jar;C:\Program Files\Java\jdk1.8.0_171\jre\lib\ext\zipfs.jar;C:\Program Files\Java\jdk1.8.0_171\jre\lib\javaws.jar;C:\Program Files\Java\jdk1.8.0_171\jre\lib\jce.jar;C:\Program Files\Java\jdk1.8.0_171\jre\lib\jfr.jar;C:\Program Files\Java\jdk1.8.0_171\jre\lib\jfxswt.jar;C:\Program Files\Java\jdk1.8.0_171\jre\lib\jsse.jar;C:\Program Files\Java\jdk1.8.0_171\jre\lib\management-agent.jar;C:\Program Files\Java\jdk1.8.0_171\jre\lib\plugin.jar;C:\Program Files\Java\jdk1.8.0_171\jre\lib\resources.jar;C:\Program Files\Java\jdk1.8.0_171\jre\lib\rt.jar;C:\Users\Personal\IdeaProjects\Proyecto-1-Circuito-Logico-master\out\production\Proyecto-1-Circuito-Logico-master;C:\Program Files\JetBrains\IntelliJ IDEA Community Edition 2019.1.3\lib\idea_rt.jar
Launcher Type: SUN_STANDARD

Environment Variables:
PATH=C:\Program Files (x86)\Common Files\Oracle\Java\javapath;C:\WINDOWS\system32;C:\WINDOWS;C:\WINDOWS\System32\Wbem;C:\WINDOWS\System32\WindowsPowerShell\v1.0\;C:\WINDOWS\System32\OpenSSH\;C:\Program Files\Git\cmd;C:\Users\Personal\AppData\Local\Programs\Python\Python36\Scripts\;C:\Users\Personal\AppData\Local\Programs\Python\Python36\;C:\Users\Personal\AppData\Local\Microsoft\WindowsApps;
USERNAME=Personal
OS=Windows_NT
PROCESSOR_IDENTIFIER=AMD64 Family 21 Model 112 Stepping 0, AuthenticAMD



---------------  S Y S T E M  ---------------

OS: Windows 10.0 , 64 bit Build 18362 (10.0.18362.329)

CPU:total 2 (initial active 2) (2 cores per cpu, 1 threads per core) family 21 model 112 stepping 0, cmov, cx8, fxsr, mmx, sse, sse2, sse3, ssse3, sse4.1, sse4.2, popcnt, avx, avx2, aes, clmul, mmxext, 3dnowpref, lzcnt, sse4a, tsc, tscinvbit, tscinv, bmi1

Memory: 4k page, physical 4072908k(389356k free), swap 5499340k(4160k free)

vm_info: Java HotSpot(TM) 64-Bit Server VM (25.171-b11) for windows-amd64 JRE (1.8.0_171-b11), built on Mar 28 2018 16:06:12 by "java_re" with MS VC++ 10.0 (VS2010)

time: Sun Sep 22 13:50:10 2019
elapsed time: 0 seconds (0d 0h 0m 0s)

